2021-05-20 03:55:57,553 - 15.46 - root - <module> - 4
2021-05-20 03:55:57,554 - 15.45 - root - <module> - 5
2021-05-20 03:55:57,554 - 15.45 - root - <module> - 6
2021-05-20 03:55:57,554 - 15.46 - root - <module> - 7
2021-05-20 03:55:57,554 - 15.46 - root - <module> - 8
2021-05-20 03:55:57,555 - 15.46 - root - <module> - 9
2021-05-20 03:55:57,555 - 15.46 - root - <module> - 10
2021-05-20 03:55:59,678 - [3, 4, 5] - root - <module> - 1
2021-05-20 03:56:12,043 - [3, 5, 7, 9, 11, 13, 15, 17, 19] - root - <module> - 1
2021-05-20 03:56:13,405 - [0, 2, 4, 6, 8, 10, 12, 14, 16, 18, 20, 22, 24, 26, 28, 30, 32, 34, 36, 38, 40, 42, 44, 46, 48, 50, 52, 54, 56, 58, 60, 62, 64, 66, 68, 70, 72, 74, 76, 78, 80, 82, 84, 86, 88, 90, 92, 94, 96, 98, 100, 102, 104, 106, 108, 110, 112, 114, 116, 118, 120, 122, 124, 126, 128, 130, 132, 134, 136, 138, 140, 142, 144, 146, 148, 150, 152, 154, 156, 158, 160, 162, 164, 166, 168, 170, 172, 174, 176, 178, 180, 182, 184, 186, 188, 190, 192, 194, 196, 198, 200] - root - <module> - 1
2021-05-20 03:56:33,681 - [2, 0, -2, -4, -6, -8, -10, -12] - root - <module> - 1
2021-05-20 03:57:26,697 - 0.6649766999999827 - root - <module> - 34
2021-05-20 03:58:23,191 - 0 - root - <module> - 7
2021-05-20 03:58:23,191 - 1 - root - <module> - 7
2021-05-20 03:58:23,191 - 4 - root - <module> - 7
2021-05-20 03:58:23,191 - 9 - root - <module> - 7
2021-05-20 03:58:23,192 - 16 - root - <module> - 7
2021-05-20 03:58:23,192 - 25 - root - <module> - 7
2021-05-20 03:58:23,192 - 36 - root - <module> - 7
2021-05-20 03:58:23,192 - 49 - root - <module> - 7
2021-05-20 03:58:23,192 - 64 - root - <module> - 7
2021-05-20 03:58:23,192 - 81 - root - <module> - 7
2021-05-20 03:58:23,192 - 100 - root - <module> - 7
2021-05-20 03:58:23,193 - 121 - root - <module> - 7
2021-05-20 03:58:23,193 - 144 - root - <module> - 7
2021-05-20 03:58:23,193 - 169 - root - <module> - 7
2021-05-20 03:58:23,193 - 196 - root - <module> - 7
2021-05-20 03:58:23,193 - 225 - root - <module> - 7
2021-05-20 03:58:23,193 - 256 - root - <module> - 7
2021-05-20 03:58:23,193 - 289 - root - <module> - 7
2021-05-20 03:58:23,193 - 324 - root - <module> - 7
2021-05-20 03:58:23,193 - 361 - root - <module> - 7
2021-05-20 03:58:23,193 - 400 - root - <module> - 7
2021-05-20 03:58:23,193 - 441 - root - <module> - 7
2021-05-20 03:58:23,193 - 484 - root - <module> - 7
2021-05-20 03:58:23,193 - 529 - root - <module> - 7
2021-05-20 03:58:23,194 - 576 - root - <module> - 7
2021-05-20 03:58:23,194 - 625 - root - <module> - 7
2021-05-20 03:58:23,194 - 676 - root - <module> - 7
2021-05-20 03:58:23,194 - 729 - root - <module> - 7
2021-05-20 03:58:23,194 - 784 - root - <module> - 7
2021-05-20 03:58:23,194 - 841 - root - <module> - 7
2021-05-20 03:58:23,194 - 900 - root - <module> - 7
2021-05-20 03:58:23,194 - 961 - root - <module> - 7
2021-05-20 03:58:23,194 - 1024 - root - <module> - 7
2021-05-20 03:58:23,194 - 1089 - root - <module> - 7
2021-05-20 03:58:23,194 - 1156 - root - <module> - 7
2021-05-20 03:58:23,194 - 1225 - root - <module> - 7
2021-05-20 03:58:23,194 - 1296 - root - <module> - 7
2021-05-20 03:58:23,195 - 1369 - root - <module> - 7
2021-05-20 03:58:23,195 - 1444 - root - <module> - 7
2021-05-20 03:58:23,195 - 1521 - root - <module> - 7
2021-05-20 03:58:23,195 - 1600 - root - <module> - 7
2021-05-20 03:58:23,195 - 1681 - root - <module> - 7
2021-05-20 03:58:23,195 - 1764 - root - <module> - 7
2021-05-20 03:58:23,195 - 1849 - root - <module> - 7
2021-05-20 03:58:23,195 - 1936 - root - <module> - 7
2021-05-20 03:58:23,195 - 2025 - root - <module> - 7
2021-05-20 03:58:23,195 - 2116 - root - <module> - 7
2021-05-20 03:58:23,195 - 2209 - root - <module> - 7
2021-05-20 03:58:23,195 - 2304 - root - <module> - 7
2021-05-20 03:58:23,195 - 2401 - root - <module> - 7
2021-05-20 03:58:23,196 - 2500 - root - <module> - 7
2021-05-20 03:58:23,196 - 2601 - root - <module> - 7
2021-05-20 03:58:23,196 - 2704 - root - <module> - 7
2021-05-20 03:58:23,196 - 2809 - root - <module> - 7
2021-05-20 03:58:23,196 - 2916 - root - <module> - 7
2021-05-20 03:58:23,196 - 3025 - root - <module> - 7
2021-05-20 03:58:23,196 - 3136 - root - <module> - 7
2021-05-20 03:58:23,196 - 3249 - root - <module> - 7
2021-05-20 03:58:23,196 - 3364 - root - <module> - 7
2021-05-20 03:58:23,196 - 3481 - root - <module> - 7
2021-05-20 03:58:23,196 - 3600 - root - <module> - 7
2021-05-20 03:58:23,196 - 3721 - root - <module> - 7
2021-05-20 03:58:23,196 - 3844 - root - <module> - 7
2021-05-20 03:58:23,197 - 3969 - root - <module> - 7
2021-05-20 03:58:23,197 - 4096 - root - <module> - 7
2021-05-20 03:58:23,197 - 4225 - root - <module> - 7
2021-05-20 03:58:23,197 - 4356 - root - <module> - 7
2021-05-20 03:58:23,197 - 4489 - root - <module> - 7
2021-05-20 03:58:23,197 - 4624 - root - <module> - 7
2021-05-20 03:58:23,197 - 4761 - root - <module> - 7
2021-05-20 03:58:23,197 - 4900 - root - <module> - 7
2021-05-20 03:58:23,197 - 5041 - root - <module> - 7
2021-05-20 03:58:23,197 - 5184 - root - <module> - 7
2021-05-20 03:58:23,197 - 5329 - root - <module> - 7
2021-05-20 03:58:23,197 - 5476 - root - <module> - 7
2021-05-20 03:58:23,197 - 5625 - root - <module> - 7
2021-05-20 03:58:23,198 - 5776 - root - <module> - 7
2021-05-20 03:58:23,198 - 5929 - root - <module> - 7
2021-05-20 03:58:23,198 - 6084 - root - <module> - 7
2021-05-20 03:58:23,198 - 6241 - root - <module> - 7
2021-05-20 03:58:23,198 - 6400 - root - <module> - 7
2021-05-20 03:58:23,198 - 6561 - root - <module> - 7
2021-05-20 03:58:23,198 - 6724 - root - <module> - 7
2021-05-20 03:58:23,198 - 6889 - root - <module> - 7
2021-05-20 03:58:23,198 - 7056 - root - <module> - 7
2021-05-20 03:58:23,198 - 7225 - root - <module> - 7
2021-05-20 03:58:23,198 - 7396 - root - <module> - 7
2021-05-20 03:58:23,198 - 7569 - root - <module> - 7
2021-05-20 03:58:23,198 - 7744 - root - <module> - 7
2021-05-20 03:58:23,199 - 7921 - root - <module> - 7
2021-05-20 03:58:23,199 - 8100 - root - <module> - 7
2021-05-20 03:58:23,199 - 8281 - root - <module> - 7
2021-05-20 03:58:23,199 - 8464 - root - <module> - 7
2021-05-20 03:58:23,199 - 8649 - root - <module> - 7
2021-05-20 03:58:23,199 - 8836 - root - <module> - 7
2021-05-20 03:58:23,199 - 9025 - root - <module> - 7
2021-05-20 03:58:23,199 - 9216 - root - <module> - 7
2021-05-20 03:58:23,199 - 9409 - root - <module> - 7
2021-05-20 03:58:23,199 - 9604 - root - <module> - 7
2021-05-20 03:58:23,199 - 9801 - root - <module> - 7
2021-05-20 03:59:56,091 - 03:59:56 AM - root - <module> - 2
2021-05-20 04:00:16,138 - 04:00:16 AM - root - <module> - 4
2021-05-20 04:00:17,139 - 04:00:17 AM - root - <module> - 4
2021-05-20 04:00:18,141 - 04:00:18 AM - root - <module> - 4
2021-05-20 04:00:19,155 - 04:00:19 AM - root - <module> - 4
2021-05-20 04:00:20,165 - 04:00:20 AM - root - <module> - 4
2021-05-20 04:00:21,176 - 04:00:21 AM - root - <module> - 4
2021-05-20 04:00:22,190 - 04:00:22 AM - root - <module> - 4
2021-05-20 04:00:23,199 - 04:00:23 AM - root - <module> - 4
2021-05-20 04:00:24,213 - 04:00:24 AM - root - <module> - 4
2021-05-20 04:00:25,226 - 04:00:25 AM - root - <module> - 4
2021-05-20 04:01:13,894 - Starting at: Thu May 20 04:01:13 2021 - root - <module> - 4
2021-05-20 04:01:18,906 - Stops at: Thu May 20 04:01:18 2021 - root - <module> - 6
2021-05-20 04:02:21,071 - deque([12, 15, 12, 50, 127, 12, 15, 12, 50, 127]) - root - <module> - 17
2021-05-20 04:02:21,072 - deque([15, 12, 50, 127, 12, 15, 12, 50, 127]) - root - <module> - 20
2021-05-20 04:02:21,072 - 3 - root - <module> - 22
2021-05-20 04:02:21,073 - deque([25, 15, 12, 50, 127, 12, 15, 12, 50, 127]) - root - <module> - 25
2021-05-20 04:02:21,073 - deque([25, 15, 12, 50, 127, 12, 15, 12, 50, 127, 100, 200, 400]) - root - <module> - 28
2021-05-20 04:02:21,073 - deque([400, 200, 100, 127, 50, 12, 15, 12, 127, 50, 12, 15, 25]) - root - <module> - 31
2021-05-20 04:02:21,073 - deque([200, 100, 400, 200, 100, 127, 50, 12, 15, 12, 127, 50, 12, 15, 25]) - root - <module> - 34
2021-05-20 04:03:36,938 - True - root - <module> - 6
2021-05-20 04:03:36,938 - None - root - <module> - 7
2021-05-20 04:03:36,939 - 4 - root - <module> - 8
2021-05-20 04:03:36,939 - None - root - <module> - 9
2021-05-20 04:03:36,940 - 0 - root - <module> - 10
2021-05-20 04:03:36,940 - False - root - <module> - 11
2021-05-20 04:03:48,977 - Counter({1: 5, 2: 5, 3: 3, 4: 3, 5: 3, 6: 3}) - root - <module> - 3
2021-05-20 04:04:00,692 - Counter({'x': 4, 'y': 2, 'z': 2}) - root - <module> - 3
2021-05-20 04:04:10,194 - Counter({'o': 4, ' ': 3, 'e': 2, 'l': 2, 't': 2, 'W': 1, 'c': 1, 'm': 1, 'p': 1, 'y': 1, 'h': 1, 'n': 1, 'w': 1, 'r': 1, 'd': 1, '!': 1}) - root - <module> - 2
2021-05-20 04:04:18,569 - Counter({'x': 4, 'y': 2, 'z': 2}) - root - <module> - 2
2021-05-20 04:04:27,993 - Counter({'x': 4, 'y': 2, 'z': 2}) - root - <module> - 2
2021-05-20 04:04:37,516 - Counter({'o': 4, ' ': 3, 'e': 2, 'l': 2, 't': 2, 'W': 1, 'c': 1, 'm': 1, 'p': 1, 'y': 1, 'h': 1, 'n': 1, 'w': 1, 'r': 1, 'd': 1, '!': 1}) - root - <module> - 3
2021-05-20 04:04:47,129 - Counter({1: 5, 2: 5, 3: 3, 4: 3, 5: 3, 6: 3}) - root - <module> - 2
2021-05-20 04:04:57,317 - Counter({1: 5, 2: 5, 3: 3, 4: 3, 5: 3}) - root - <module> - 2
2021-05-20 04:05:56,726 - Addition: Counter({'y': 7, 'x': 4, 'z': 2}) - root - <module> - 1
2021-05-20 04:05:56,727 - Subtraction: Counter({'x1': 12, 'x': 4}) - root - <module> - 2
2021-05-20 04:05:56,727 - Intersection: Counter({'y': 2}) - root - <module> - 3
2021-05-20 04:05:56,727 - Union: Counter({'y': 5, 'x': 4, 'z': 4}) - root - <module> - 4
2021-05-20 04:06:07,196 - [(1, 5), (2, 5)] - root - <module> - 1
2021-05-20 04:06:16,364 - [1, 1, 1, 1, 1, 2, 2, 2, 2, 2, 3, 3, 3, 4, 4, 4, 5, 5, 5] - root - <module> - 2
2021-05-20 04:06:24,858 - 5 - root - <module> - 1
2021-05-20 04:06:43,723 - (0, 'eat') - root - <module> - 6
2021-05-20 04:06:43,723 - (1, 'sleep') - root - <module> - 6
2021-05-20 04:06:43,723 - (2, 'repeat') - root - <module> - 6
2021-05-20 04:06:43,723 - (0, 'c') - root - <module> - 6
2021-05-20 04:06:43,724 - (1, 'h') - root - <module> - 6
2021-05-20 04:06:43,724 - (2, 'i') - root - <module> - 6
2021-05-20 04:06:43,724 - (3, 's') - root - <module> - 6
2021-05-20 04:06:43,724 - (4, 't') - root - <module> - 6
2021-05-20 04:06:43,724 - (5, 'a') - root - <module> - 6
2021-05-20 04:06:43,725 - (6, 't') - root - <module> - 6
2021-05-20 04:06:43,725 - (7, 's') - root - <module> - 6
2021-05-20 04:06:43,725 - (0, 'A') - root - <module> - 6
2021-05-20 04:06:43,725 - (1, 'B') - root - <module> - 6
2021-05-20 04:06:43,725 - (2, 'C') - root - <module> - 6
2021-05-20 04:06:43,725 - (3, 'D') - root - <module> - 6
2021-05-20 04:06:43,726 - (4, 'E') - root - <module> - 6
2021-05-20 04:06:43,726 - (0, 'a') - root - <module> - 6
2021-05-20 04:06:43,726 - (1, 'b') - root - <module> - 6
2021-05-20 04:06:43,726 - (2, 'c') - root - <module> - 6
2021-05-20 04:06:43,726 - (3, 'd') - root - <module> - 6
