2021-05-20 03:54:18,263 - root - hello!
2021-05-20 03:54:18,263 - root - this is an info message
2021-05-20 03:54:18,264 - root - tbllalfhldfhd, warning
2021-05-20 03:54:20,913 - root - __name__
2021-05-20 03:54:20,914 - root - __doc__
2021-05-20 03:54:20,914 - root - __package__
2021-05-20 03:54:20,914 - root - __loader__
2021-05-20 03:54:20,914 - root - __spec__
2021-05-20 03:54:20,914 - root - __build_class__
2021-05-20 03:54:20,914 - root - __import__
2021-05-20 03:54:20,914 - root - abs
2021-05-20 03:54:20,914 - root - all
2021-05-20 03:54:20,914 - root - any
2021-05-20 03:54:20,914 - root - ascii
2021-05-20 03:54:20,915 - root - bin
2021-05-20 03:54:20,915 - root - breakpoint
2021-05-20 03:54:20,915 - root - callable
2021-05-20 03:54:20,915 - root - chr
2021-05-20 03:54:20,915 - root - compile
2021-05-20 03:54:20,915 - root - delattr
2021-05-20 03:54:20,915 - root - dir
2021-05-20 03:54:20,916 - root - divmod
2021-05-20 03:54:20,916 - root - eval
2021-05-20 03:54:20,916 - root - exec
2021-05-20 03:54:20,916 - root - format
2021-05-20 03:54:20,916 - root - getattr
2021-05-20 03:54:20,916 - root - globals
2021-05-20 03:54:20,916 - root - hasattr
2021-05-20 03:54:20,916 - root - hash
2021-05-20 03:54:20,916 - root - hex
2021-05-20 03:54:20,916 - root - id
2021-05-20 03:54:20,916 - root - input
2021-05-20 03:54:20,916 - root - isinstance
2021-05-20 03:54:20,916 - root - issubclass
2021-05-20 03:54:20,916 - root - iter
2021-05-20 03:54:20,917 - root - len
2021-05-20 03:54:20,917 - root - locals
2021-05-20 03:54:20,917 - root - max
2021-05-20 03:54:20,917 - root - min
2021-05-20 03:54:20,917 - root - next
2021-05-20 03:54:20,917 - root - oct
2021-05-20 03:54:20,917 - root - ord
2021-05-20 03:54:20,917 - root - pow
2021-05-20 03:54:20,917 - root - print
2021-05-20 03:54:20,917 - root - repr
2021-05-20 03:54:20,917 - root - round
2021-05-20 03:54:20,917 - root - setattr
2021-05-20 03:54:20,917 - root - sorted
2021-05-20 03:54:20,918 - root - sum
2021-05-20 03:54:20,918 - root - vars
2021-05-20 03:54:20,918 - root - None
2021-05-20 03:54:20,918 - root - Ellipsis
2021-05-20 03:54:20,918 - root - NotImplemented
2021-05-20 03:54:20,918 - root - False
2021-05-20 03:54:20,918 - root - True
2021-05-20 03:54:20,918 - root - bool
2021-05-20 03:54:20,918 - root - memoryview
2021-05-20 03:54:20,918 - root - bytearray
2021-05-20 03:54:20,918 - root - bytes
2021-05-20 03:54:20,918 - root - classmethod
2021-05-20 03:54:20,919 - root - complex
2021-05-20 03:54:20,919 - root - dict
2021-05-20 03:54:20,919 - root - enumerate
2021-05-20 03:54:20,919 - root - filter
2021-05-20 03:54:20,919 - root - float
2021-05-20 03:54:20,919 - root - frozenset
2021-05-20 03:54:20,919 - root - property
2021-05-20 03:54:20,919 - root - int
2021-05-20 03:54:20,919 - root - list
2021-05-20 03:54:20,919 - root - map
2021-05-20 03:54:20,919 - root - object
2021-05-20 03:54:20,919 - root - range
2021-05-20 03:54:20,919 - root - reversed
2021-05-20 03:54:20,919 - root - set
2021-05-20 03:54:20,919 - root - slice
2021-05-20 03:54:20,919 - root - staticmethod
2021-05-20 03:54:20,919 - root - str
2021-05-20 03:54:20,920 - root - super
2021-05-20 03:54:20,920 - root - tuple
2021-05-20 03:54:20,920 - root - type
2021-05-20 03:54:20,920 - root - zip
2021-05-20 03:54:20,920 - root - __debug__
2021-05-20 03:54:20,920 - root - BaseException
2021-05-20 03:54:20,920 - root - Exception
2021-05-20 03:54:20,920 - root - TypeError
2021-05-20 03:54:20,920 - root - StopAsyncIteration
2021-05-20 03:54:20,920 - root - StopIteration
2021-05-20 03:54:20,920 - root - GeneratorExit
2021-05-20 03:54:20,920 - root - SystemExit
2021-05-20 03:54:20,920 - root - KeyboardInterrupt
2021-05-20 03:54:20,920 - root - ImportError
2021-05-20 03:54:20,920 - root - ModuleNotFoundError
2021-05-20 03:54:20,920 - root - OSError
2021-05-20 03:54:20,921 - root - EnvironmentError
2021-05-20 03:54:20,921 - root - IOError
2021-05-20 03:54:20,921 - root - WindowsError
2021-05-20 03:54:20,921 - root - EOFError
2021-05-20 03:54:20,921 - root - RuntimeError
2021-05-20 03:54:20,921 - root - RecursionError
2021-05-20 03:54:20,921 - root - NotImplementedError
2021-05-20 03:54:20,921 - root - NameError
2021-05-20 03:54:20,921 - root - UnboundLocalError
2021-05-20 03:54:20,921 - root - AttributeError
2021-05-20 03:54:20,921 - root - SyntaxError
2021-05-20 03:54:20,921 - root - IndentationError
2021-05-20 03:54:20,921 - root - TabError
2021-05-20 03:54:20,921 - root - LookupError
2021-05-20 03:54:20,921 - root - IndexError
2021-05-20 03:54:20,921 - root - KeyError
2021-05-20 03:54:20,922 - root - ValueError
2021-05-20 03:54:20,922 - root - UnicodeError
2021-05-20 03:54:20,922 - root - UnicodeEncodeError
2021-05-20 03:54:20,922 - root - UnicodeDecodeError
2021-05-20 03:54:20,922 - root - UnicodeTranslateError
2021-05-20 03:54:20,922 - root - AssertionError
2021-05-20 03:54:20,922 - root - ArithmeticError
2021-05-20 03:54:20,922 - root - FloatingPointError
2021-05-20 03:54:20,922 - root - OverflowError
2021-05-20 03:54:20,922 - root - ZeroDivisionError
2021-05-20 03:54:20,922 - root - SystemError
2021-05-20 03:54:20,922 - root - ReferenceError
2021-05-20 03:54:20,922 - root - MemoryError
2021-05-20 03:54:20,922 - root - BufferError
2021-05-20 03:54:20,922 - root - Warning
2021-05-20 03:54:20,922 - root - UserWarning
2021-05-20 03:54:20,922 - root - DeprecationWarning
2021-05-20 03:54:20,923 - root - PendingDeprecationWarning
2021-05-20 03:54:20,923 - root - SyntaxWarning
2021-05-20 03:54:20,923 - root - RuntimeWarning
2021-05-20 03:54:20,923 - root - FutureWarning
2021-05-20 03:54:20,923 - root - ImportWarning
2021-05-20 03:54:20,923 - root - UnicodeWarning
2021-05-20 03:54:20,923 - root - BytesWarning
2021-05-20 03:54:20,923 - root - ResourceWarning
2021-05-20 03:54:20,923 - root - ConnectionError
2021-05-20 03:54:20,923 - root - BlockingIOError
2021-05-20 03:54:20,923 - root - BrokenPipeError
2021-05-20 03:54:20,923 - root - ChildProcessError
2021-05-20 03:54:20,923 - root - ConnectionAbortedError
2021-05-20 03:54:20,923 - root - ConnectionRefusedError
2021-05-20 03:54:20,923 - root - ConnectionResetError
2021-05-20 03:54:20,923 - root - FileExistsError
2021-05-20 03:54:20,923 - root - FileNotFoundError
2021-05-20 03:54:20,924 - root - IsADirectoryError
2021-05-20 03:54:20,924 - root - NotADirectoryError
2021-05-20 03:54:20,924 - root - InterruptedError
2021-05-20 03:54:20,924 - root - PermissionError
2021-05-20 03:54:20,924 - root - ProcessLookupError
2021-05-20 03:54:20,924 - root - TimeoutError
2021-05-20 03:54:20,924 - root - open
2021-05-20 03:54:20,924 - root - copyright
2021-05-20 03:54:20,924 - root - credits
2021-05-20 03:54:20,924 - root - license
2021-05-20 03:54:20,924 - root - help
2021-05-20 03:54:20,924 - root - __IPYTHON__
2021-05-20 03:54:20,924 - root - display
2021-05-20 03:54:20,924 - root - get_ipython
2021-05-20 03:54:23,532 - root - Hello World
2021-05-20 03:54:24,685 - root - Have a good day Sarthak
2021-05-20 03:54:25,429 - root - The square of a number: 100
2021-05-20 03:54:26,437 - root - The sum of squares of two numbers is: 125
2021-05-20 03:54:27,241 - root - The factorial of 4 is 24
2021-05-20 03:54:28,294 - root - 10,25
2021-05-20 03:54:29,910 - root - 125
2021-05-20 03:54:29,910 - root - 125
2021-05-20 03:54:29,911 - root - 6
2021-05-20 03:54:30,984 - root - The sum of squares of 10,20,30 is: 1400
2021-05-20 03:54:33,034 - root - 3,2,4,8
2021-05-20 03:54:33,872 - root - 10,20,30,40
2021-05-20 03:54:34,246 - root - 25,50,4,10
2021-05-20 03:54:34,592 - root - 3,4,4,4
2021-05-20 03:54:40,063 - root - 7
2021-05-20 03:54:41,124 - root - 9.5
2021-05-20 03:54:41,586 - root - The value of pi is 3.141592653589793
2021-05-20 03:54:41,586 - root - The value of pi is 3.141592653589793
2021-05-20 03:54:41,586 - root - The value of pi is 3.141592653589793
2021-05-20 03:54:41,586 - root - The value of pi is 3.141592653589793
2021-05-20 03:54:45,216 - root - x inside : global
2021-05-20 03:54:45,216 - root - x outside : global
2021-05-20 03:54:46,257 - root - local
2021-05-20 03:54:47,407 - root - globalglobal
2021-05-20 03:54:47,408 - root - local
2021-05-20 03:54:48,108 - root - local x: 10
2021-05-20 03:54:48,108 - root - global x: 5
2021-05-20 03:54:53,219 - root - factorial of 4 is: 
2021-05-20 03:54:54,802 - root - 10
2021-05-20 03:55:03,082 - root - 25
2021-05-20 03:55:03,901 - root - 10
2021-05-20 03:55:04,928 - root - 3
2021-05-20 03:55:05,826 - root - [4, 6, 8, 12]
2021-05-20 03:55:06,881 - root - ['amar', 'Ajay', 'arya']
2021-05-20 03:55:16,000 - root - The list of sqaures is: [36, 49, 64, 81]
2021-05-20 03:55:17,072 - root - 6
2021-05-20 03:55:19,122 - root - <class 'list'>
2021-05-20 03:55:19,122 - root - <class 'int'>
2021-05-20 03:55:19,123 - root - <class 'bool'>
2021-05-20 03:55:19,123 - root - <class 'function'>
2021-05-20 03:55:20,194 - root - ['__add__', '__class__', '__contains__', '__delattr__', '__delitem__', '__dir__', '__doc__', '__eq__', '__format__', '__ge__', '__getattribute__', '__getitem__', '__gt__', '__hash__', '__iadd__', '__imul__', '__init__', '__init_subclass__', '__iter__', '__le__', '__len__', '__lt__', '__mul__', '__ne__', '__new__', '__reduce__', '__reduce_ex__', '__repr__', '__reversed__', '__rmul__', '__setattr__', '__setitem__', '__sizeof__', '__str__', '__subclasshook__', 'append', 'clear', 'copy', 'count', 'extend', 'index', 'insert', 'pop', 'remove', 'reverse', 'sort']
2021-05-20 03:55:21,152 - root - 1968987436800
2021-05-20 03:55:22,112 - root - 1968987400080
2021-05-20 03:55:22,112 - root - 1968987400080
2021-05-20 03:55:22,772 - root - 3,2,4,8
2021-05-20 03:55:23,192 - root - 10,20,30,40
2021-05-20 03:55:23,622 - root - 25,50,4,10
2021-05-20 03:55:24,042 - root - 3,4,4,4
2021-05-20 03:55:28,333 - root - <function listGet.<locals>.squareit at 0x000001CA70CB6940>
2021-05-20 03:55:30,104 - root - I know, I will be considered
2021-05-20 03:55:32,589 - root - 7.25
2021-05-20 03:55:33,003 - root - 5.830951894845301
2021-05-20 03:55:33,550 - root - 5.0
2021-05-20 03:55:33,982 - root - 5.77
2021-05-20 03:55:34,509 - root - 6
2021-05-20 03:55:57,553 - root - 15.46
2021-05-20 03:55:57,554 - root - 15.45
2021-05-20 03:55:57,554 - root - 15.45
2021-05-20 03:55:57,554 - root - 15.46
2021-05-20 03:55:57,554 - root - 15.46
2021-05-20 03:55:57,555 - root - 15.46
2021-05-20 03:55:57,555 - root - 15.46
2021-05-20 03:55:59,678 - root - [3, 4, 5]
2021-05-20 03:56:12,043 - root - [3, 5, 7, 9, 11, 13, 15, 17, 19]
2021-05-20 03:56:13,405 - root - [0, 2, 4, 6, 8, 10, 12, 14, 16, 18, 20, 22, 24, 26, 28, 30, 32, 34, 36, 38, 40, 42, 44, 46, 48, 50, 52, 54, 56, 58, 60, 62, 64, 66, 68, 70, 72, 74, 76, 78, 80, 82, 84, 86, 88, 90, 92, 94, 96, 98, 100, 102, 104, 106, 108, 110, 112, 114, 116, 118, 120, 122, 124, 126, 128, 130, 132, 134, 136, 138, 140, 142, 144, 146, 148, 150, 152, 154, 156, 158, 160, 162, 164, 166, 168, 170, 172, 174, 176, 178, 180, 182, 184, 186, 188, 190, 192, 194, 196, 198, 200]
2021-05-20 03:56:33,681 - root - [2, 0, -2, -4, -6, -8, -10, -12]
2021-05-20 03:57:26,697 - root - 0.6649766999999827
2021-05-20 03:58:23,191 - root - 0
2021-05-20 03:58:23,191 - root - 1
2021-05-20 03:58:23,191 - root - 4
2021-05-20 03:58:23,191 - root - 9
2021-05-20 03:58:23,192 - root - 16
2021-05-20 03:58:23,192 - root - 25
2021-05-20 03:58:23,192 - root - 36
2021-05-20 03:58:23,192 - root - 49
2021-05-20 03:58:23,192 - root - 64
2021-05-20 03:58:23,192 - root - 81
2021-05-20 03:58:23,192 - root - 100
2021-05-20 03:58:23,193 - root - 121
2021-05-20 03:58:23,193 - root - 144
2021-05-20 03:58:23,193 - root - 169
2021-05-20 03:58:23,193 - root - 196
2021-05-20 03:58:23,193 - root - 225
2021-05-20 03:58:23,193 - root - 256
2021-05-20 03:58:23,193 - root - 289
2021-05-20 03:58:23,193 - root - 324
2021-05-20 03:58:23,193 - root - 361
2021-05-20 03:58:23,193 - root - 400
2021-05-20 03:58:23,193 - root - 441
2021-05-20 03:58:23,193 - root - 484
2021-05-20 03:58:23,193 - root - 529
2021-05-20 03:58:23,194 - root - 576
2021-05-20 03:58:23,194 - root - 625
2021-05-20 03:58:23,194 - root - 676
2021-05-20 03:58:23,194 - root - 729
2021-05-20 03:58:23,194 - root - 784
2021-05-20 03:58:23,194 - root - 841
2021-05-20 03:58:23,194 - root - 900
2021-05-20 03:58:23,194 - root - 961
2021-05-20 03:58:23,194 - root - 1024
2021-05-20 03:58:23,194 - root - 1089
2021-05-20 03:58:23,194 - root - 1156
2021-05-20 03:58:23,194 - root - 1225
2021-05-20 03:58:23,194 - root - 1296
2021-05-20 03:58:23,195 - root - 1369
2021-05-20 03:58:23,195 - root - 1444
2021-05-20 03:58:23,195 - root - 1521
2021-05-20 03:58:23,195 - root - 1600
2021-05-20 03:58:23,195 - root - 1681
2021-05-20 03:58:23,195 - root - 1764
2021-05-20 03:58:23,195 - root - 1849
2021-05-20 03:58:23,195 - root - 1936
2021-05-20 03:58:23,195 - root - 2025
2021-05-20 03:58:23,195 - root - 2116
2021-05-20 03:58:23,195 - root - 2209
2021-05-20 03:58:23,195 - root - 2304
2021-05-20 03:58:23,195 - root - 2401
2021-05-20 03:58:23,196 - root - 2500
2021-05-20 03:58:23,196 - root - 2601
2021-05-20 03:58:23,196 - root - 2704
2021-05-20 03:58:23,196 - root - 2809
2021-05-20 03:58:23,196 - root - 2916
2021-05-20 03:58:23,196 - root - 3025
2021-05-20 03:58:23,196 - root - 3136
2021-05-20 03:58:23,196 - root - 3249
2021-05-20 03:58:23,196 - root - 3364
2021-05-20 03:58:23,196 - root - 3481
2021-05-20 03:58:23,196 - root - 3600
2021-05-20 03:58:23,196 - root - 3721
2021-05-20 03:58:23,196 - root - 3844
2021-05-20 03:58:23,197 - root - 3969
2021-05-20 03:58:23,197 - root - 4096
2021-05-20 03:58:23,197 - root - 4225
2021-05-20 03:58:23,197 - root - 4356
2021-05-20 03:58:23,197 - root - 4489
2021-05-20 03:58:23,197 - root - 4624
2021-05-20 03:58:23,197 - root - 4761
2021-05-20 03:58:23,197 - root - 4900
2021-05-20 03:58:23,197 - root - 5041
2021-05-20 03:58:23,197 - root - 5184
2021-05-20 03:58:23,197 - root - 5329
2021-05-20 03:58:23,197 - root - 5476
2021-05-20 03:58:23,197 - root - 5625
2021-05-20 03:58:23,198 - root - 5776
2021-05-20 03:58:23,198 - root - 5929
2021-05-20 03:58:23,198 - root - 6084
2021-05-20 03:58:23,198 - root - 6241
2021-05-20 03:58:23,198 - root - 6400
2021-05-20 03:58:23,198 - root - 6561
2021-05-20 03:58:23,198 - root - 6724
2021-05-20 03:58:23,198 - root - 6889
2021-05-20 03:58:23,198 - root - 7056
2021-05-20 03:58:23,198 - root - 7225
2021-05-20 03:58:23,198 - root - 7396
2021-05-20 03:58:23,198 - root - 7569
2021-05-20 03:58:23,198 - root - 7744
2021-05-20 03:58:23,199 - root - 7921
2021-05-20 03:58:23,199 - root - 8100
2021-05-20 03:58:23,199 - root - 8281
2021-05-20 03:58:23,199 - root - 8464
2021-05-20 03:58:23,199 - root - 8649
2021-05-20 03:58:23,199 - root - 8836
2021-05-20 03:58:23,199 - root - 9025
2021-05-20 03:58:23,199 - root - 9216
2021-05-20 03:58:23,199 - root - 9409
2021-05-20 03:58:23,199 - root - 9604
2021-05-20 03:58:23,199 - root - 9801
2021-05-20 03:59:56,091 - root - 03:59:56 AM
2021-05-20 04:00:16,138 - root - 04:00:16 AM
2021-05-20 04:00:17,139 - root - 04:00:17 AM
2021-05-20 04:00:18,141 - root - 04:00:18 AM
2021-05-20 04:00:19,155 - root - 04:00:19 AM
2021-05-20 04:00:20,165 - root - 04:00:20 AM
2021-05-20 04:00:21,176 - root - 04:00:21 AM
2021-05-20 04:00:22,190 - root - 04:00:22 AM
2021-05-20 04:00:23,199 - root - 04:00:23 AM
2021-05-20 04:00:24,213 - root - 04:00:24 AM
2021-05-20 04:00:25,226 - root - 04:00:25 AM
2021-05-20 04:01:13,894 - root - Starting at: Thu May 20 04:01:13 2021
2021-05-20 04:01:18,906 - root - Stops at: Thu May 20 04:01:18 2021
2021-05-20 04:02:21,071 - root - deque([12, 15, 12, 50, 127, 12, 15, 12, 50, 127])
2021-05-20 04:02:21,072 - root - deque([15, 12, 50, 127, 12, 15, 12, 50, 127])
2021-05-20 04:02:21,072 - root - 3
2021-05-20 04:02:21,073 - root - deque([25, 15, 12, 50, 127, 12, 15, 12, 50, 127])
2021-05-20 04:02:21,073 - root - deque([25, 15, 12, 50, 127, 12, 15, 12, 50, 127, 100, 200, 400])
2021-05-20 04:02:21,073 - root - deque([400, 200, 100, 127, 50, 12, 15, 12, 127, 50, 12, 15, 25])
2021-05-20 04:02:21,073 - root - deque([200, 100, 400, 200, 100, 127, 50, 12, 15, 12, 127, 50, 12, 15, 25])
2021-05-20 04:03:36,938 - root - True
2021-05-20 04:03:36,938 - root - None
2021-05-20 04:03:36,939 - root - 4
2021-05-20 04:03:36,939 - root - None
2021-05-20 04:03:36,940 - root - 0
2021-05-20 04:03:36,940 - root - False
2021-05-20 04:03:48,977 - root - Counter({1: 5, 2: 5, 3: 3, 4: 3, 5: 3, 6: 3})
2021-05-20 04:04:00,692 - root - Counter({'x': 4, 'y': 2, 'z': 2})
2021-05-20 04:04:10,194 - root - Counter({'o': 4, ' ': 3, 'e': 2, 'l': 2, 't': 2, 'W': 1, 'c': 1, 'm': 1, 'p': 1, 'y': 1, 'h': 1, 'n': 1, 'w': 1, 'r': 1, 'd': 1, '!': 1})
2021-05-20 04:04:18,569 - root - Counter({'x': 4, 'y': 2, 'z': 2})
2021-05-20 04:04:27,993 - root - Counter({'x': 4, 'y': 2, 'z': 2})
2021-05-20 04:04:37,516 - root - Counter({'o': 4, ' ': 3, 'e': 2, 'l': 2, 't': 2, 'W': 1, 'c': 1, 'm': 1, 'p': 1, 'y': 1, 'h': 1, 'n': 1, 'w': 1, 'r': 1, 'd': 1, '!': 1})
2021-05-20 04:04:47,129 - root - Counter({1: 5, 2: 5, 3: 3, 4: 3, 5: 3, 6: 3})
2021-05-20 04:04:57,317 - root - Counter({1: 5, 2: 5, 3: 3, 4: 3, 5: 3})
2021-05-20 04:05:56,726 - root - Addition: Counter({'y': 7, 'x': 4, 'z': 2})
2021-05-20 04:05:56,727 - root - Subtraction: Counter({'x1': 12, 'x': 4})
2021-05-20 04:05:56,727 - root - Intersection: Counter({'y': 2})
2021-05-20 04:05:56,727 - root - Union: Counter({'y': 5, 'x': 4, 'z': 4})
2021-05-20 04:06:07,196 - root - [(1, 5), (2, 5)]
2021-05-20 04:06:16,364 - root - [1, 1, 1, 1, 1, 2, 2, 2, 2, 2, 3, 3, 3, 4, 4, 4, 5, 5, 5]
2021-05-20 04:06:24,858 - root - 5
2021-05-20 04:06:43,723 - root - (0, 'eat')
2021-05-20 04:06:43,723 - root - (1, 'sleep')
2021-05-20 04:06:43,723 - root - (2, 'repeat')
2021-05-20 04:06:43,723 - root - (0, 'c')
2021-05-20 04:06:43,724 - root - (1, 'h')
2021-05-20 04:06:43,724 - root - (2, 'i')
2021-05-20 04:06:43,724 - root - (3, 's')
2021-05-20 04:06:43,724 - root - (4, 't')
2021-05-20 04:06:43,724 - root - (5, 'a')
2021-05-20 04:06:43,725 - root - (6, 't')
2021-05-20 04:06:43,725 - root - (7, 's')
2021-05-20 04:06:43,725 - root - (0, 'A')
2021-05-20 04:06:43,725 - root - (1, 'B')
2021-05-20 04:06:43,725 - root - (2, 'C')
2021-05-20 04:06:43,725 - root - (3, 'D')
2021-05-20 04:06:43,726 - root - (4, 'E')
2021-05-20 04:06:43,726 - root - (0, 'a')
2021-05-20 04:06:43,726 - root - (1, 'b')
2021-05-20 04:06:43,726 - root - (2, 'c')
2021-05-20 04:06:43,726 - root - (3, 'd')
